2025-06-26 00:32:01,536 - utils.error_handling - ERROR - error_handling.py:122 - dexscreener client error: 404 - <!DOCTYPE html>
<html lang="en">
<head>
<meta charset="utf-8">
<title>Error</title>
</head>
<body>
<pre>Cannot GET /latest/dex/tokens/trending/solana</pre>
<script>(function(){function c(){var b=a.contentDocument||a.contentWindow.document;if(b){var d=b.createElement('script');d.innerHTML="window.__CF$cv$params={r:'9559fa846e240132',t:'MTc1MDkxMjMyMy4wMDAwMDA='};var a=document.createElement('script');a.nonce='';a.src='/cdn-cgi/challenge-platform/scripts/jsd/main.js';document.getElementsByTagName('head')[0].appendChild(a);";b.getElementsByTagName('head')[0].appendChild(d)}}if(document.body){var a=document.createElement('iframe');a.height=1;a.width=1;a.style.position='absolute';a.style.top=0;a.style.left=0;a.style.border='none';a.style.visibility='hidden';document.body.appendChild(a);if('loading'!==document.readyState)c();else if(window.addEventListener)document.addEventListener('DOMContentLoaded',c);else{var e=document.onreadystatechange||function(){};document.onreadystatechange=function(b){e(b);'loading'!==document.readyState&&(document.onreadystatechange=e,c())}}}})();</script></body>
</html>

2025-06-26 00:32:02,514 - utils.error_handling - ERROR - error_handling.py:122 - dexscreener client error: 404 - <!DOCTYPE html>
<html lang="en">
<head>
<meta charset="utf-8">
<title>Error</title>
</head>
<body>
<pre>Cannot GET /latest/dex/tokens/trending/solana</pre>
<script>(function(){function c(){var b=a.contentDocument||a.contentWindow.document;if(b){var d=b.createElement('script');d.innerHTML="window.__CF$cv$params={r:'9559fa8a885f0132',t:'MTc1MDkxMjMyNC4wMDAwMDA='};var a=document.createElement('script');a.nonce='';a.src='/cdn-cgi/challenge-platform/scripts/jsd/main.js';document.getElementsByTagName('head')[0].appendChild(a);";b.getElementsByTagName('head')[0].appendChild(d)}}if(document.body){var a=document.createElement('iframe');a.height=1;a.width=1;a.style.position='absolute';a.style.top=0;a.style.left=0;a.style.border='none';a.style.visibility='hidden';document.body.appendChild(a);if('loading'!==document.readyState)c();else if(window.addEventListener)document.addEventListener('DOMContentLoaded',c);else{var e=document.onreadystatechange||function(){};document.onreadystatechange=function(b){e(b);'loading'!==document.readyState&&(document.onreadystatechange=e,c())}}}})();</script></body>
</html>

2025-06-26 00:32:03,845 - utils.error_handling - ERROR - error_handling.py:122 - dexscreener client error: 404 - <!DOCTYPE html>
<html lang="en">
<head>
<meta charset="utf-8">
<title>Error</title>
</head>
<body>
<pre>Cannot GET /latest/dex/tokens/trending/solana</pre>
<script>(function(){function c(){var b=a.contentDocument||a.contentWindow.document;if(b){var d=b.createElement('script');d.innerHTML="window.__CF$cv$params={r:'9559fa92ce040132',t:'MTc1MDkxMjMyNS4wMDAwMDA='};var a=document.createElement('script');a.nonce='';a.src='/cdn-cgi/challenge-platform/scripts/jsd/main.js';document.getElementsByTagName('head')[0].appendChild(a);";b.getElementsByTagName('head')[0].appendChild(d)}}if(document.body){var a=document.createElement('iframe');a.height=1;a.width=1;a.style.position='absolute';a.style.top=0;a.style.left=0;a.style.border='none';a.style.visibility='hidden';document.body.appendChild(a);if('loading'!==document.readyState)c();else if(window.addEventListener)document.addEventListener('DOMContentLoaded',c);else{var e=document.onreadystatechange||function(){};document.onreadystatechange=function(b){e(b);'loading'!==document.readyState&&(document.onreadystatechange=e,c())}}}})();</script></body>
</html>

2025-06-26 00:32:07,690 - utils.error_handling - ERROR - error_handling.py:122 - dexscreener client error: 404 - <!DOCTYPE html>
<html lang="en">
<head>
<meta charset="utf-8">
<title>Error</title>
</head>
<body>
<pre>Cannot GET /latest/dex/tokens/trending/solana</pre>
<script>(function(){function c(){var b=a.contentDocument||a.contentWindow.document;if(b){var d=b.createElement('script');d.innerHTML="window.__CF$cv$params={r:'9559faaada9e0132',t:'MTc1MDkxMjMyOS4wMDAwMDA='};var a=document.createElement('script');a.nonce='';a.src='/cdn-cgi/challenge-platform/scripts/jsd/main.js';document.getElementsByTagName('head')[0].appendChild(a);";b.getElementsByTagName('head')[0].appendChild(d)}}if(document.body){var a=document.createElement('iframe');a.height=1;a.width=1;a.style.position='absolute';a.style.top=0;a.style.left=0;a.style.border='none';a.style.visibility='hidden';document.body.appendChild(a);if('loading'!==document.readyState)c();else if(window.addEventListener)document.addEventListener('DOMContentLoaded',c);else{var e=document.onreadystatechange||function(){};document.onreadystatechange=function(b){e(b);'loading'!==document.readyState&&(document.onreadystatechange=e,c())}}}})();</script></body>
</html>

2025-06-26 00:32:07,691 - utils.error_handling - ERROR - error_handling.py:63 - _make_request failed after 3 retries. Last error: dexscreener client error: 404
2025-06-26 00:32:07,691 - api_clients.dexscreener - ERROR - dexscreener.py:41 - Failed to fetch trending tokens: dexscreener client error: 404
2025-06-26 00:32:07,879 - utils.error_handling - ERROR - error_handling.py:122 - dexscreener client error: 404 - <!DOCTYPE html>
<html lang="en">
<head>
<meta charset="utf-8">
<title>Error</title>
</head>
<body>
<pre>Cannot GET /latest/dex/tokens/trending/solana</pre>
<script>(function(){function c(){var b=a.contentDocument||a.contentWindow.document;if(b){var d=b.createElement('script');d.innerHTML="window.__CF$cv$params={r:'9559faabbbcf0132',t:'MTc1MDkxMjMyOS4wMDAwMDA='};var a=document.createElement('script');a.nonce='';a.src='/cdn-cgi/challenge-platform/scripts/jsd/main.js';document.getElementsByTagName('head')[0].appendChild(a);";b.getElementsByTagName('head')[0].appendChild(d)}}if(document.body){var a=document.createElement('iframe');a.height=1;a.width=1;a.style.position='absolute';a.style.top=0;a.style.left=0;a.style.border='none';a.style.visibility='hidden';document.body.appendChild(a);if('loading'!==document.readyState)c();else if(window.addEventListener)document.addEventListener('DOMContentLoaded',c);else{var e=document.onreadystatechange||function(){};document.onreadystatechange=function(b){e(b);'loading'!==document.readyState&&(document.onreadystatechange=e,c())}}}})();</script></body>
</html>

2025-06-26 00:32:13,146 - utils.error_handling - ERROR - error_handling.py:63 - _make_request failed after 3 retries. Last error: Circuit breaker OPEN for make_request
2025-06-26 00:32:13,146 - api_clients.dexscreener - ERROR - dexscreener.py:41 - Failed to fetch trending tokens: Circuit breaker OPEN for make_request
2025-06-26 00:58:15,031 - trader - CRITICAL - trader.py:421 - EMERGENCY STOP INITIATED
2025-06-26 00:58:15,031 - risk_management - CRITICAL - risk_management.py:444 - EMERGENCY CLOSE ALL POSITIONS TRIGGERED
2025-06-26 00:58:15,032 - trader - CRITICAL - trader.py:450 - EMERGENCY STOP COMPLETED
2025-06-29 01:04:39,212 - trader - CRITICAL - trader.py:421 - EMERGENCY STOP INITIATED
2025-06-29 01:04:39,215 - risk_management - CRITICAL - risk_management.py:444 - EMERGENCY CLOSE ALL POSITIONS TRIGGERED
2025-06-29 01:04:39,215 - trader - CRITICAL - trader.py:450 - EMERGENCY STOP COMPLETED
2025-06-29 01:07:10,806 - trader - CRITICAL - trader.py:421 - EMERGENCY STOP INITIATED
2025-06-29 01:07:10,806 - risk_management - CRITICAL - risk_management.py:444 - EMERGENCY CLOSE ALL POSITIONS TRIGGERED
2025-06-29 01:07:10,806 - trader - CRITICAL - trader.py:450 - EMERGENCY STOP COMPLETED
